The system is: Linux - 5.15.0-105-generic - x86_64
Compiling the C compiler identification source file "CMakeCCompilerId.c" succeeded.
Compiler: /usr/bin/gcc 
Build flags: -g;-c;-O0;-m32;-fno-pie;-fno-stack-protector;-fno-asynchronous-unwind-tables
Id flags:  

The output was:
0


Compilation of the C compiler identification source "CMakeCCompilerId.c" produced "CMakeCCompilerId.o"

The C compiler identification is GNU, found in "/root/myos/build/CMakeFiles/3.23.5/CompilerIdC/CMakeCCompilerId.o"

Determining if the C compiler works passed with the following output:
Change Dir: /root/myos/build/CMakeFiles/CMakeTmp

Run Build Command(s):/usr/bin/make -f Makefile cmTC_d8c5e/fast && /usr/bin/make  -f CMakeFiles/cmTC_d8c5e.dir/build.make CMakeFiles/cmTC_d8c5e.dir/build
make[1]: 进入目录“/root/myos/build/CMakeFiles/CMakeTmp”
Building C object CMakeFiles/cmTC_d8c5e.dir/testCCompiler.c.o
/usr/bin/gcc   -g -c -O0 -m32 -fno-pie -fno-stack-protector -fno-asynchronous-unwind-tables  -o CMakeFiles/cmTC_d8c5e.dir/testCCompiler.c.o -c /root/myos/build/CMakeFiles/CMakeTmp/testCCompiler.c
Linking C executable cmTC_d8c5e
/root/utils/cmake-3.23.5-linux-x86_64/bin/cmake -E cmake_link_script CMakeFiles/cmTC_d8c5e.dir/link.txt --verbose=1
/usr/bin/gcc -g -c -O0 -m32 -fno-pie -fno-stack-protector -fno-asynchronous-unwind-tables  -rdynamic CMakeFiles/cmTC_d8c5e.dir/testCCompiler.c.o -o cmTC_d8c5e 
gcc: warning: CMakeFiles/cmTC_d8c5e.dir/testCCompiler.c.o: linker input file unused because linking not done
make[1]: 离开目录“/root/myos/build/CMakeFiles/CMakeTmp”



Checking whether the ASM compiler is GNU using "--version" matched "(GNU assembler)|(GCC)|(Free Software Foundation)":
gcc (Ubuntu 9.4.0-1ubuntu1~20.04.2) 9.4.0
Copyright (C) 2019 Free Software Foundation, Inc.
This is free software; see the source for copying conditions.  There is NO
warranty; not even for MERCHANTABILITY or FITNESS FOR A PARTICULAR PURPOSE.

